0 info it worked if it ends with ok
1 verbose cli [ '/usr/bin/nodejs',
1 verbose cli   '/usr/bin/npm',
1 verbose cli   'install',
1 verbose cli   'monsudo',
1 verbose cli   'apt-get',
1 verbose cli   'install',
1 verbose cli   '-y',
1 verbose cli   'mongodb-org' ]
2 info using npm@3.5.2
3 info using node@v4.2.6
4 silly loadCurrentTree Starting
5 silly install loadCurrentTree
6 silly install readLocalPackageData
7 silly fetchPackageMetaData monsudo
8 silly fetchPackageMetaData apt-get
9 silly fetchPackageMetaData install
10 silly fetchPackageMetaData mongodb-org
11 silly fetchNamedPackageData monsudo
12 silly mapToRegistry name monsudo
13 silly mapToRegistry using default registry
14 silly mapToRegistry registry https://registry.npmjs.org/
15 silly mapToRegistry uri https://registry.npmjs.org/monsudo
16 silly fetchNamedPackageData apt-get
17 silly mapToRegistry name apt-get
18 silly mapToRegistry using default registry
19 silly mapToRegistry registry https://registry.npmjs.org/
20 silly mapToRegistry uri https://registry.npmjs.org/apt-get
21 silly fetchNamedPackageData install
22 silly mapToRegistry name install
23 silly mapToRegistry using default registry
24 silly mapToRegistry registry https://registry.npmjs.org/
25 silly mapToRegistry uri https://registry.npmjs.org/install
26 silly fetchNamedPackageData mongodb-org
27 silly mapToRegistry name mongodb-org
28 silly mapToRegistry using default registry
29 silly mapToRegistry registry https://registry.npmjs.org/
30 silly mapToRegistry uri https://registry.npmjs.org/mongodb-org
31 verbose request uri https://registry.npmjs.org/monsudo
32 verbose request no auth needed
33 info attempt registry request try #1 at 3:04:16 PM
34 verbose request id 7190dfbd0fcd5985
35 http request GET https://registry.npmjs.org/monsudo
36 verbose request uri https://registry.npmjs.org/apt-get
37 verbose request no auth needed
38 info attempt registry request try #1 at 3:04:16 PM
39 http request GET https://registry.npmjs.org/apt-get
40 verbose request uri https://registry.npmjs.org/install
41 verbose request no auth needed
42 info attempt registry request try #1 at 3:04:16 PM
43 http request GET https://registry.npmjs.org/install
44 verbose request uri https://registry.npmjs.org/mongodb-org
45 verbose request no auth needed
46 info attempt registry request try #1 at 3:04:16 PM
47 http request GET https://registry.npmjs.org/mongodb-org
48 http 200 https://registry.npmjs.org/install
49 verbose headers { 'content-type': 'application/json; charset=UTF-8',
49 verbose headers   server: 'UploadServer',
49 verbose headers   'cache-control': 'max-age=300',
49 verbose headers   'last-modified': 'Thu, 16 Nov 2017 22:24:25 GMT',
49 verbose headers   etag: '"5a0e1019-11fdf"',
49 verbose headers   'content-encoding': 'gzip',
49 verbose headers   'content-length': '8887',
49 verbose headers   'accept-ranges': 'bytes',
49 verbose headers   date: 'Thu, 21 Dec 2017 15:04:16 GMT',
49 verbose headers   via: '1.1 varnish',
49 verbose headers   age: '3312',
49 verbose headers   connection: 'keep-alive',
49 verbose headers   'x-served-by': 'cache-hhn1535-HHN',
49 verbose headers   'x-cache': 'HIT',
49 verbose headers   'x-cache-hits': '4',
49 verbose headers   'x-timer': 'S1513868656.058586,VS0,VE0',
49 verbose headers   vary: 'Accept-Encoding, Accept' }
50 silly get cb [ 200,
50 silly get   { 'content-type': 'application/json; charset=UTF-8',
50 silly get     server: 'UploadServer',
50 silly get     'cache-control': 'max-age=300',
50 silly get     'last-modified': 'Thu, 16 Nov 2017 22:24:25 GMT',
50 silly get     etag: '"5a0e1019-11fdf"',
50 silly get     'content-encoding': 'gzip',
50 silly get     'content-length': '8887',
50 silly get     'accept-ranges': 'bytes',
50 silly get     date: 'Thu, 21 Dec 2017 15:04:16 GMT',
50 silly get     via: '1.1 varnish',
50 silly get     age: '3312',
50 silly get     connection: 'keep-alive',
50 silly get     'x-served-by': 'cache-hhn1535-HHN',
50 silly get     'x-cache': 'HIT',
50 silly get     'x-cache-hits': '4',
50 silly get     'x-timer': 'S1513868656.058586,VS0,VE0',
50 silly get     vary: 'Accept-Encoding, Accept' } ]
51 verbose get saving install to /root/.npm/registry.npmjs.org/install/.cache.json
52 http 200 https://registry.npmjs.org/apt-get
53 verbose headers { 'content-type': 'application/json; charset=UTF-8',
53 verbose headers   server: 'UploadServer',
53 verbose headers   'cache-control': 'max-age=300',
53 verbose headers   'last-modified': 'Mon, 28 Jul 2014 11:43:26 GMT',
53 verbose headers   etag: '"53d6375e-ed5"',
53 verbose headers   'content-encoding': 'gzip',
53 verbose headers   'content-length': '1008',
53 verbose headers   'accept-ranges': 'bytes',
53 verbose headers   date: 'Thu, 21 Dec 2017 15:04:16 GMT',
53 verbose headers   via: '1.1 varnish',
53 verbose headers   age: '0',
53 verbose headers   connection: 'keep-alive',
53 verbose headers   'x-served-by': 'cache-hhn1539-HHN',
53 verbose headers   'x-cache': 'MISS',
53 verbose headers   'x-cache-hits': '0',
53 verbose headers   'x-timer': 'S1513868656.060758,VS0,VE308',
53 verbose headers   vary: 'Accept-Encoding, Accept' }
54 silly get cb [ 200,
54 silly get   { 'content-type': 'application/json; charset=UTF-8',
54 silly get     server: 'UploadServer',
54 silly get     'cache-control': 'max-age=300',
54 silly get     'last-modified': 'Mon, 28 Jul 2014 11:43:26 GMT',
54 silly get     etag: '"53d6375e-ed5"',
54 silly get     'content-encoding': 'gzip',
54 silly get     'content-length': '1008',
54 silly get     'accept-ranges': 'bytes',
54 silly get     date: 'Thu, 21 Dec 2017 15:04:16 GMT',
54 silly get     via: '1.1 varnish',
54 silly get     age: '0',
54 silly get     connection: 'keep-alive',
54 silly get     'x-served-by': 'cache-hhn1539-HHN',
54 silly get     'x-cache': 'MISS',
54 silly get     'x-cache-hits': '0',
54 silly get     'x-timer': 'S1513868656.060758,VS0,VE308',
54 silly get     vary: 'Accept-Encoding, Accept' } ]
55 verbose get saving apt-get to /root/.npm/registry.npmjs.org/apt-get/.cache.json
56 http 404 https://registry.npmjs.org/mongodb-org
57 verbose headers { 'content-type': 'application/json',
57 verbose headers   'cache-control': 'max-age=0',
57 verbose headers   'content-length': '2',
57 verbose headers   'accept-ranges': 'bytes',
57 verbose headers   date: 'Thu, 21 Dec 2017 15:04:17 GMT',
57 verbose headers   via: '1.1 varnish',
57 verbose headers   connection: 'keep-alive',
57 verbose headers   'x-served-by': 'cache-hhn1531-HHN',
57 verbose headers   'x-cache': 'MISS',
57 verbose headers   'x-cache-hits': '0',
57 verbose headers   'x-timer': 'S1513868656.069342,VS0,VE1349',
57 verbose headers   vary: 'Accept-Encoding' }
58 silly get cb [ 404,
58 silly get   { 'content-type': 'application/json',
58 silly get     'cache-control': 'max-age=0',
58 silly get     'content-length': '2',
58 silly get     'accept-ranges': 'bytes',
58 silly get     date: 'Thu, 21 Dec 2017 15:04:17 GMT',
58 silly get     via: '1.1 varnish',
58 silly get     connection: 'keep-alive',
58 silly get     'x-served-by': 'cache-hhn1531-HHN',
58 silly get     'x-cache': 'MISS',
58 silly get     'x-cache-hits': '0',
58 silly get     'x-timer': 'S1513868656.069342,VS0,VE1349',
58 silly get     vary: 'Accept-Encoding' } ]
59 silly fetchPackageMetaData Error: Registry returned 404 for GET on https://registry.npmjs.org/mongodb-org
59 silly fetchPackageMetaData     at makeError (/usr/share/npm/node_modules/npm-registry-client/lib/request.js:264:12)
59 silly fetchPackageMetaData     at CachingRegistryClient.<anonymous> (/usr/share/npm/node_modules/npm-registry-client/lib/request.js:242:14)
59 silly fetchPackageMetaData     at Request._callback (/usr/share/npm/node_modules/npm-registry-client/lib/request.js:172:14)
59 silly fetchPackageMetaData     at Request.self.callback (/usr/share/npm/node_modules/request/request.js:198:22)
59 silly fetchPackageMetaData     at emitTwo (events.js:87:13)
59 silly fetchPackageMetaData     at Request.emit (events.js:172:7)
59 silly fetchPackageMetaData     at Request.<anonymous> (/usr/share/npm/node_modules/request/request.js:1082:10)
59 silly fetchPackageMetaData     at emitOne (events.js:82:20)
59 silly fetchPackageMetaData     at Request.emit (events.js:169:7)
59 silly fetchPackageMetaData     at IncomingMessage.<anonymous> (/usr/share/npm/node_modules/request/request.js:1009:12)
59 silly fetchPackageMetaData  error for mongodb-org { [Error: Registry returned 404 for GET on https://registry.npmjs.org/mongodb-org] pkgid: 'mongodb-org', statusCode: 404, code: 'E404' }
60 http 404 https://registry.npmjs.org/monsudo
61 verbose headers { 'content-type': 'application/json',
61 verbose headers   'cache-control': 'max-age=0',
61 verbose headers   'content-length': '2',
61 verbose headers   'accept-ranges': 'bytes',
61 verbose headers   date: 'Thu, 21 Dec 2017 15:04:17 GMT',
61 verbose headers   via: '1.1 varnish',
61 verbose headers   connection: 'keep-alive',
61 verbose headers   'x-served-by': 'cache-hhn1529-HHN',
61 verbose headers   'x-cache': 'MISS',
61 verbose headers   'x-cache-hits': '0',
61 verbose headers   'x-timer': 'S1513868656.060682,VS0,VE1366',
61 verbose headers   vary: 'Accept-Encoding' }
62 silly get cb [ 404,
62 silly get   { 'content-type': 'application/json',
62 silly get     'cache-control': 'max-age=0',
62 silly get     'content-length': '2',
62 silly get     'accept-ranges': 'bytes',
62 silly get     date: 'Thu, 21 Dec 2017 15:04:17 GMT',
62 silly get     via: '1.1 varnish',
62 silly get     connection: 'keep-alive',
62 silly get     'x-served-by': 'cache-hhn1529-HHN',
62 silly get     'x-cache': 'MISS',
62 silly get     'x-cache-hits': '0',
62 silly get     'x-timer': 'S1513868656.060682,VS0,VE1366',
62 silly get     vary: 'Accept-Encoding' } ]
63 silly fetchPackageMetaData Error: Registry returned 404 for GET on https://registry.npmjs.org/monsudo
63 silly fetchPackageMetaData     at makeError (/usr/share/npm/node_modules/npm-registry-client/lib/request.js:264:12)
63 silly fetchPackageMetaData     at CachingRegistryClient.<anonymous> (/usr/share/npm/node_modules/npm-registry-client/lib/request.js:242:14)
63 silly fetchPackageMetaData     at Request._callback (/usr/share/npm/node_modules/npm-registry-client/lib/request.js:172:14)
63 silly fetchPackageMetaData     at Request.self.callback (/usr/share/npm/node_modules/request/request.js:198:22)
63 silly fetchPackageMetaData     at emitTwo (events.js:87:13)
63 silly fetchPackageMetaData     at Request.emit (events.js:172:7)
63 silly fetchPackageMetaData     at Request.<anonymous> (/usr/share/npm/node_modules/request/request.js:1082:10)
63 silly fetchPackageMetaData     at emitOne (events.js:82:20)
63 silly fetchPackageMetaData     at Request.emit (events.js:169:7)
63 silly fetchPackageMetaData     at IncomingMessage.<anonymous> (/usr/share/npm/node_modules/request/request.js:1009:12)
63 silly fetchPackageMetaData  error for monsudo { [Error: Registry returned 404 for GET on https://registry.npmjs.org/monsudo] pkgid: 'monsudo', statusCode: 404, code: 'E404' }
64 silly rollbackFailedOptional Starting
65 silly rollbackFailedOptional Finishing
66 silly runTopLevelLifecycles Starting
67 silly runTopLevelLifecycles Finishing
68 silly install printInstalled
69 verbose stack Error: Registry returned 404 for GET on https://registry.npmjs.org/mongodb-org
69 verbose stack     at makeError (/usr/share/npm/node_modules/npm-registry-client/lib/request.js:264:12)
69 verbose stack     at CachingRegistryClient.<anonymous> (/usr/share/npm/node_modules/npm-registry-client/lib/request.js:242:14)
69 verbose stack     at Request._callback (/usr/share/npm/node_modules/npm-registry-client/lib/request.js:172:14)
69 verbose stack     at Request.self.callback (/usr/share/npm/node_modules/request/request.js:198:22)
69 verbose stack     at emitTwo (events.js:87:13)
69 verbose stack     at Request.emit (events.js:172:7)
69 verbose stack     at Request.<anonymous> (/usr/share/npm/node_modules/request/request.js:1082:10)
69 verbose stack     at emitOne (events.js:82:20)
69 verbose stack     at Request.emit (events.js:169:7)
69 verbose stack     at IncomingMessage.<anonymous> (/usr/share/npm/node_modules/request/request.js:1009:12)
70 verbose statusCode 404
71 verbose pkgid mongodb-org
72 verbose cwd /root/OWAPI/api/models
73 error Linux 4.4.0-101-generic
74 error argv "/usr/bin/nodejs" "/usr/bin/npm" "install" "monsudo" "apt-get" "install" "-y" "mongodb-org"
75 error node v4.2.6
76 error npm  v3.5.2
77 error code E404
78 error 404 Registry returned 404 for GET on https://registry.npmjs.org/mongodb-org
79 error 404
80 error 404 'mongodb-org' is not in the npm registry.
81 error 404 You should bug the author to publish it (or use the name yourself!)
82 error 404 Note that you can also install from a
83 error 404 tarball, folder, http url, or git url.
84 verbose exit [ 1, true ]
